theia@theia-aparnamogili:/home/project$ mkdir my_dir_proj
theia@theia-aparnamogili:/home/project$ mkdir -p my_dir_proj/src

theia@theia-aparnamogili:/home/project$ mkdir -p my_dir_proj/classes
theia@theia-aparnamogili:/home/project$ mkdir -p my_dir_proj/test
theia@theia-aparnamogili:/home/project$ cd my_dir_proj
theia@theia-aparnamogili:/home/project/my_dir_proj
$ touch /home/project/my_dir_proj/src/DirectoryExplorer.java
theia@theia-aparnamogili:/home/project/my_dir_proj$ javac -d classes src/DirectoryExplorer.java
theia@theia-aparnamogili:/home/project/my_dir_proj$ export CLASSPATH=$CLASSPATH:/home/project/my_dir_proj/classes
theia@theia-aparnamogili:/home/project/my_dir_proj$ java DirectoryExplorer
Enter the name of the file or directory with the path
src/DirectoryExplorer.java
src/DirectoryExplorer.java is a file
theia@theia-aparnamogili:/home/project/my_dir_proj$ java DirectoryExplorer
Enter the name of the file or directory with the path
src
src is a directory
theia@theia-aparnamogili:/home/project/my_dir_proj$ java DirectoryExplorer
Enter the name of the file or directory with the path
rtyui
rtyui is a not a valid file or directory
theia@theia-aparnamogili:/home/project/my_dir_proj$ javac -d classes src/DirectoryExplorer.java
java DirectoryExplorer
theia@theia-aparnamogili:/home/project/my_dir_proj$ java DirectoryExplorer

Press 1 for File Management,
Any other key to exit
1
Enter the name of the file or directory with the path
/home/project/myTempDir
/home/project/myTempDir is a not a valid file or directory
To create a file with given name press 1
To create a directory with given name press 2
To do nothing and continue, press any other key
1
File successfully created!

Press 1 for File Management,
Any other key to exit
/home/project/myTempDir
Bye!
theia@theia-aparnamogili:/home/project/my_dir_proj$ java DirectoryExplorer

Press 1 for File Management,
Any other key to exit
1
Enter the name of the file or directory with the path
/home/project/myTempDir
/home/project/myTempDir is a file

Press 1 for File Management,
Any other key to exit
1
Enter the name of the file or directory with the path
/home/project/myTempDir1
/home/project/myTempDir1 is a not a valid file or directory
To create a file with given name press 1
To create a directory with given name press 2
To do nothing and continue, press any other key
2
The directory has been created

Press 1 for File Management,
Any other key to exit
 
Bye!
theia@theia-aparnamogili:/home/project/my_dir_proj$ java DirectoryExplorer

Press 1 for File Management,
Any other key to exit
/home/project/myTempDir2/test
Bye!
theia@theia-aparnamogili:/home/project/my_dir_proj$ java DirectoryExplorer

Press 1 for File Management,
Any other key to exit
1
Enter the name of the file or directory with the path
/home/project/myTempDir2/test
/home/project/myTempDir2/test is a not a valid file or directory
To create a file with given name press 1
To create a directory with given name press 2
To do nothing and continue, press any other key
1
File successfully created!

Press 1 for File Management,
Any other key to exit
javac -d classes src/DirectoryExplorer.java
Bye!
theia@theia-aparnamogili:/home/project/my_dir_proj
$ java DirectoryExplorer

Press 1 for File Management,
Any other key to exit
1
Enter the name of the file or directory with the path
/home/project/myTempDir3
/home/project/myTempDir3 is a not a valid file or directory
To create a file with given name press 1
To create a directory with given name press 2
To do nothing and continue, press any other key
2
The directory has been created

Press 1 for File Management,
Any other key to exit
1
Enter the name of the file or directory with the path
/home/project/myTempDir
/home/project/myTempDir is a file

Press 1 for File Management,
Any other key to exit
1
Enter the name of the file or directory with the path
/home/project/myTempDir
/home/project/myTempDir is a file

Press 1 for File Management,
Any other key to exit
1                      
Enter the name of the file or directory with the path
/home/project/myTempDir3
/home/project/myTempDir3 is a directory

Press 1 for File Management,
Any other key to exit
j
Bye!
theia@theia-aparnamogili:/home/project/my_dir_proj
$ java DirectoryExplorer

Press 1 for File Management,
Any other key to exit
;
Bye!
theia@theia-aparnamogili:/home/project/my_dir_proj
$ javac -d classes src/DirectoryExplorer.java
theia@theia-aparnamogili:/home/project/my_dir_proj
$ java DirectoryExplorer

Press 1 for File Management,
Any other key to exit
1
Enter the name of the file or directory with the path
import java.io.File;
import java.util.Scanner;
import java.io.IOException;

public class DirectoryExplorer {

    // Method to handle file management operations
    private static void fileManagement(File file) {
        // Display options to the user
        System.out.println("\nPress 1 to rename the file," +
                "\nPress 2 to delete the file," +
                "\nAny other key to exit");

        Scanner scanner = new Scanner(System.in);
        String userChoice = scanner.nextLine();

        // Handle user choice
        if (userChoice.equals("1")) {
            // Get new name for the file
            System.out.println("Enter the new name for the file " + file.getName());
            String newfileName = scanner.nextLine();
            // Attempt to rename the file
            boolean changed = file.renameTo(new File(file.getParent(), newfileName));
            //Print message about success or failure of file renaming
            if (changed) {
                System.out.println("Filename successfully changed");
            } else {
                System.out.println("Filename couldn't be changed!");
            }
        } else if (userChoice.equals("2")) {
            // Delete the file
            boolean deleted = file.delete();
            //Print message about success or failure of file deletion
            if (deleted) {
                System.out.println("Filename successfully deleted");
            } else {
                System.out.println("Filename couldn't be deleted!");
            }
        }
    }

    // Method to handle directory management operations (list, rename, or delete)
    private static void directoryManagement(File dirObj) {
        // Display options to the user
        System.out.println("\nPress 1 to list the directory," +
                "\nPress 2 to rename the directory," +
                "\nPress 3 to delete the directory," +
                "\nAny other key to exit");

        Scanner scanner = new Scanner(System.in);
        String userChoice = scanner.nextLine();

        // Handle user choice
        if (userChoice.equals("1")) {
            // List the contents of the directory
            String fileNames[] = dirObj.list();
            if (fileNames.length == 0) {
                System.out.println("The directory is empty!");
            } else {
                for (int i = 0; i < fileNames.length; i++) {
                    System.out.println(fileNames[i]);
                }
            }
        } else if (userChoice.equals("2")) {
            // Rename the directory
            System.out.println("Enter the new name for the directory " + dirObj.getName());
            String newDirName = scanner.nextLine();
            // Attempt to rename the directory
            boolean changed = dirObj.renameTo(new File(dirObj.getParent(), newDirName));
            //Print message about success or failure of dir renaming
            if (changed) {
                System.out.println("Directory name successfully changed");
            } else {
                System.out.println("Directory name couldn't be changed!");
            }
        } else if (userChoice.equals("3")) {
            // Delete the directory
            boolean deleted = dirObj.delete();
            //Print message about success or failure of dir deletion
            if (deleted) {
                System.out.println("Directory successfully deleted");
            } else {
                System.out.println("Directory couldn't be deleted! It might not be empty");
            }
        }
    }

    public static void main(String s[]) {
        Scanner scanner = new Scanner(System.in);

        // Loop indefinitely until the user chooses to exit
        while (true) {
            // Display the menu options to the user
            System.out.println("\nPress 1 for File Management," + "\nAny other key to exit");

            // Read the user's choice
            String userAction = scanner.nextLine();

            // Option 1: File Management
            if (userAction.equals("1")) {
                // Prompt the user to enter the name of the file or directory with the path
                System.out.println("Enter the name of the file or directory with the path");

                // Read the file name with path
                String fileName = scanner.nextLine();

                // Create a File object representing the file or directory
                File file = new File(fileName);

                // Check if the file or directory exists
                if (file.exists()) {
                    // Check if the file is a file or directory
                    if (file.isFile()) {
                        System.out.println(fileName + " is a file");
                        // Call the fileManagement method for file operations
                        fileManagement(file);
                    } else {
                        System.out.println(fileName + " is a directory");
                        // Call the directoryManagement method for directory operations
                        directoryManagement(file);
                    }
                } else {
                    // If the file or directory does not exist, prompt the user to create it
                    System.out.println(fileName + " is not a valid file or directory");
                    System.out.println("To create a file with given name press 1\n"
                            + "To create a directory with given name press 2\n"
                            + "To do nothing and continue, press any other key");

                    // Read the user's choice
                    String createChoice = scanner.nextLine();

                    // Create a file
                    if (createChoice.equals("1")) {
                        // Get the parent directory
                        String parentDirStr = file.getParent();
                        File parentDir = new File(parentDirStr);

                        // Create the parent directory if it does not exist
                        if (!parentDir.exists()) {
                            boolean created = parentDir.mkdirs();
                            if (!created) {
                                System.out.println("The parent directory could not be created");
                                continue;
                            }
                        }

                        // Create the file
                        try {
                            file.createNewFile();
                            System.out.println("File successfully created!");
                        } catch (IOException ioe) {
                            System.out.println("Unable to create file. " + ioe.getMessage());
                        }
                    }
                    // Create a directory
                    else if (createChoice.equals("2")) {
                        // Create the directory
                        boolean created = file.mkdirs();
                        if (created) {
                            System.out.println("The directory has been created");
                        } else {
                            System.out.println("The directory couldn't be created");
                        }
                    }
                }
            }
            // Exit the program
            else {
                System.out.println("Bye!");
                break;
            }
        }
    }
}import java.io.File; is not a valid file or directory
To create a file with given name press 1
To create a directory with given name press 2
To do nothing and continue, press any other key

Press 1 for File Management,
Any other key to exit
Bye!
theia@theia-aparnamogili:/home/project/my_dir_proj
$ java DirectoryExplorer

Press 1 for File Management,
Any other key to exit
1
Enter the name of the file or directory with the path
/home/project/myTempDir4
/home/project/myTempDir4 is not a valid file or directory
To create a file with given name press 1
To create a directory with given name press 2
To do nothing and continue, press any other key
2
The directory has been created

Press 1 for File Management,
Any other key to exit
1
Enter the name of the file or directory with the path
/home/project/myTempDir4
/home/project/myTempDir4 is a directory

Press 1 to list the directory,
Press 2 to rename the directory,
Press 3 to delete the directory,
Any other key to exit
1
The directory is empty!

Press 1 for File Management,
Any other key to exit
1
Enter the name of the file or directory with the path
/home/project/myTempDir4
/home/project/myTempDir4 is a directory

Press 1 to list the directory,
Press 2 to rename the directory,
Press 3 to delete the directory,
Any other key to exit
2
Enter the new name for the directory myTempDir4
/home/project/myTempDir4Renamed
Directory name couldn't be changed!

Press 1 for File Management,
Any other key to exit
1
Enter the name of the file or directory with the path
/home/project/myTempDir4
/home/project/myTempDir4 is a directory

Press 1 to list the directory,
Press 2 to rename the directory,
Press 3 to delete the directory,
Any other key to exit
2   
Enter the new name for the directory myTempDir4
myTempDir4Renames
Directory name successfully changed

Press 1 for File Management,
Any other key to exit
1
Enter the name of the file or directory with the path
/home/project/myTempDir4Renames
/home/project/myTempDir4Renames is a directory

Press 1 to list the directory,
Press 2 to rename the directory,
Press 3 to delete the directory,
Any other key to exit
3
Directory successfully deleted

Press 1 for File Management,
Any other key to exit
1
Enter the name of the file or directory with the path
/home/project          
/home/project is a directory

Press 1 to list the directory,
Press 2 to rename the directory,
Press 3 to delete the directory,
Any other key to exit
1
my_dir_proj
myTempDir
myTempDir3
myTempDir1
.theia
myTempDir2

Press 1 for File Management,
Any other key to exit

Bye!
theia@theia-aparnamogili:/home/project/my_dir_proj$ t
ouch /home/project/my_dir_proj/src/DirectoryRecursiveList.java
theia@theia-aparnamogili:/home/project/my_dir_proj
$ javac -d classes src/DirectoryRecursiveList.java
java DirectoryRecursiveList
theia@theia-aparnamogili:/home/project/my_dir_proj
$ java DirectoryRecursiveList

Press 1 to recursively list a directory,
Any other key to exit
1
Enter the name of the directory with the path
/ome/project
/ome/project is not a valid directory

Press 1 to recursively list a directory,
Any other key to exit
/home/project
Bye!
theia@theia-aparnamogili:/home/project/my_dir_proj
$ java DirectoryRecursiveList

Press 1 to recursively list a directory,
Any other key to exit
1
Enter the name of the directory with the path
/home/project
Printing /home/project recursively
Printing /home/project/my_dir_proj recursively
Printing /home/project/my_dir_proj/test recursively
Printing /home/project/my_dir_proj/classes recursively
/home/project/my_dir_proj/classes/DirectoryRecursiveList.class
/home/project/my_dir_proj/classes/DirectoryExplorer.class
Printing /home/project/my_dir_proj/src recursively
/home/project/my_dir_proj/src/DirectoryRecursiveList.java
/home/project/my_dir_proj/src/DirectoryExplorer.java
/home/project/my_dir_proj/console.log
/home/project/myTempDir
Printing /home/project/myTempDir3 recursively
Printing /home/project/myTempDir1 recursively
Printing /home/project/.theia recursively
/home/project/.theia/settings.json
Printing /home/project/myTempDir2 recursively
/home/project/myTempDir2/test

Press 1 to recursively list a directory,
Any other key to exit

Bye!
theia@theia-aparnamogili:/home/project/my_dir_proj$ javac -d classes src/DirectoryExplorer.java
theia@theia-aparnamogili:/home/project/my_dir_proj$ java DirectoryExplorer

Press 1 for File Management,
Any other key to exit
1
Enter the name of the file or directory with the path
/home/project
/home/project is a directory

Press 1 to list the directory,
Press 2 to rename the directory,
Press 3 to delete the directory,
Press 4 to recursively list the directory,
Any other key to exit
4
/home/project/my_dir_proj/classes/DirectoryRecursiveList.class
/home/project/my_dir_proj/classes/DirectoryExplorer.class
/home/project/my_dir_proj/src/DirectoryRecursiveList.java
/home/project/my_dir_proj/src/DirectoryExplorer.java
/home/project/my_dir_proj/console.log
/home/project/myTempDir
/home/project/.theia/settings.json
/home/project/myTempDir2/test

Press 1 for File Management,
Any other key to exit

Bye!
theia@theia-aparnamogili:/home/project/my_dir_proj$ 
theia@theia-aparnamogili:/home/project/my_dir_proj$ 